# JRE version: OpenJDK Runtime Environment (8.0_242-b01) (build 1.8.0_242-release-1644-b01)
# Java VM: OpenJDK 64-Bit Server VM (25.242-b01 mixed mode windows-amd64 compressed oops)
Heap:
 PSYoungGen      total 521728K, used 418845K [0x00000000d5580000, 0x00000000fd400000, 0x0000000100000000)
  eden space 464384K, 79% used [0x00000000d5580000,0x00000000ebbe6ed0,0x00000000f1b00000)
  from space 57344K, 90% used [0x00000000f9c00000,0x00000000fcea05e0,0x00000000fd400000)
  to   space 94720K, 0% used [0x00000000f1b00000,0x00000000f1b00000,0x00000000f7780000)
 ParOldGen       total 338432K, used 79008K [0x0000000080000000, 0x0000000094a80000, 0x00000000d5580000)
  object space 338432K, 23% used [0x0000000080000000,0x0000000084d28050,0x0000000094a80000)
 Metaspace       used 113671K, capacity 122840K, committed 123160K, reserved 1157120K
  class space    used 14783K, capacity 16340K, committed 16432K, reserved 1048576K
GC Heap History (10 events):
Event: 4745.501 GC heap before
{Heap before GC invocations=34 (full 4):
 PSYoungGen      total 529920K, used 477783K [0x00000000d5580000, 0x00000000ff100000, 0x0000000100000000)
  eden space 417792K, 100% used [0x00000000d5580000,0x00000000eed80000,0x00000000eed80000)
  from space 112128K, 53% used [0x00000000eed80000,0x00000000f2815f20,0x00000000f5b00000)
  to   space 110592K, 0% used [0x00000000f8500000,0x00000000f8500000,0x00000000ff100000)
 ParOldGen       total 338432K, used 78992K [0x0000000080000000, 0x0000000094a80000, 0x00000000d5580000)
  object space 338432K, 23% used [0x0000000080000000,0x0000000084d24050,0x0000000094a80000)
 Metaspace       used 111601K, capacity 119004K, committed 119320K, reserved 1153024K
  class space    used 14507K, capacity 15834K, committed 15920K, reserved 1048576K
Event: 4745.569 GC heap after
Heap after GC invocations=34 (full 4):
 PSYoungGen      total 564736K, used 64210K [0x00000000d5580000, 0x00000000fed00000, 0x0000000100000000)
  eden space 458240K, 0% used [0x00000000d5580000,0x00000000d5580000,0x00000000f1500000)
  from space 106496K, 60% used [0x00000000f8500000,0x00000000fc3b4a48,0x00000000fed00000)
  to   space 110592K, 0% used [0x00000000f1500000,0x00000000f1500000,0x00000000f8100000)
 ParOldGen       total 338432K, used 78992K [0x0000000080000000, 0x0000000094a80000, 0x00000000d5580000)
  object space 338432K, 23% used [0x0000000080000000,0x0000000084d24050,0x0000000094a80000)
 Metaspace       used 111601K, capacity 119004K, committed 119320K, reserved 1153024K
  class space    used 14507K, capacity 15834K, committed 15920K, reserved 1048576K
}
Event: 4785.544 GC heap before
{Heap before GC invocations=35 (full 4):
 PSYoungGen      total 564736K, used 522450K [0x00000000d5580000, 0x00000000fed00000, 0x0000000100000000)
  eden space 458240K, 100% used [0x00000000d5580000,0x00000000f1500000,0x00000000f1500000)
  from space 106496K, 60% used [0x00000000f8500000,0x00000000fc3b4a48,0x00000000fed00000)
  to   space 110592K, 0% used [0x00000000f1500000,0x00000000f1500000,0x00000000f8100000)
 ParOldGen       total 338432K, used 78992K [0x0000000080000000, 0x0000000094a80000, 0x00000000d5580000)
  object space 338432K, 23% used [0x0000000080000000,0x0000000084d24050,0x0000000094a80000)
 Metaspace       used 111780K, capacity 119092K, committed 119320K, reserved 1153024K
  class space    used 14511K, capacity 15838K, committed 15920K, reserved 1048576K
Event: 4785.581 GC heap after
Heap after GC invocations=35 (full 4):
 PSYoungGen      total 568832K, used 59488K [0x00000000d5580000, 0x0000000100000000, 0x0000000100000000)
  eden space 458240K, 0% used [0x00000000d5580000,0x00000000d5580000,0x00000000f1500000)
  from space 110592K, 53% used [0x00000000f1500000,0x00000000f4f182f0,0x00000000f8100000)
  to   space 108544K, 0% used [0x00000000f9600000,0x00000000f9600000,0x0000000100000000)
 ParOldGen       total 338432K, used 78992K [0x0000000080000000, 0x0000000094a80000, 0x00000000d5580000)
  object space 338432K, 23% used [0x0000000080000000,0x0000000084d24050,0x0000000094a80000)
 Metaspace       used 111780K, capacity 119092K, committed 119320K, reserved 1153024K
  class space    used 14511K, capacity 15838K, committed 15920K, reserved 1048576K
}
Event: 5045.308 GC heap before
{Heap before GC invocations=36 (full 4):
 PSYoungGen      total 568832K, used 517728K [0x00000000d5580000, 0x0000000100000000, 0x0000000100000000)
  eden space 458240K, 100% used [0x00000000d5580000,0x00000000f1500000,0x00000000f1500000)
  from space 110592K, 53% used [0x00000000f1500000,0x00000000f4f182f0,0x00000000f8100000)
  to   space 108544K, 0% used [0x00000000f9600000,0x00000000f9600000,0x0000000100000000)
 ParOldGen       total 338432K, used 78992K [0x0000000080000000, 0x0000000094a80000, 0x00000000d5580000)
  object space 338432K, 23% used [0x0000000080000000,0x0000000084d24050,0x0000000094a80000)
 Metaspace       used 113080K, capacity 121898K, committed 122008K, reserved 1155072K
  class space    used 14734K, capacity 16251K, committed 16304K, reserved 1048576K
Event: 5045.340 GC heap after
Heap after GC invocations=36 (full 4):
 PSYoungGen      total 577024K, used 54125K [0x00000000d5580000, 0x00000000ff500000, 0x0000000100000000)
  eden space 479744K, 0% used [0x00000000d5580000,0x00000000d5580000,0x00000000f2a00000)
  from space 97280K, 55% used [0x00000000f9600000,0x00000000fcadb6b8,0x00000000ff500000)
  to   space 103936K, 0% used [0x00000000f2a00000,0x00000000f2a00000,0x00000000f8f80000)
 ParOldGen       total 338432K, used 78992K [0x0000000080000000, 0x0000000094a80000, 0x00000000d5580000)
  object space 338432K, 23% used [0x0000000080000000,0x0000000084d24050,0x0000000094a80000)
 Metaspace       used 113080K, capacity 121898K, committed 122008K, reserved 1155072K
  class space    used 14734K, capacity 16251K, committed 16304K, reserved 1048576K
}
Event: 5200.930 GC heap before
{Heap before GC invocations=37 (full 4):
 PSYoungGen      total 577024K, used 533869K [0x00000000d5580000, 0x00000000ff500000, 0x0000000100000000)
  eden space 479744K, 100% used [0x00000000d5580000,0x00000000f2a00000,0x00000000f2a00000)
  from space 97280K, 55% used [0x00000000f9600000,0x00000000fcadb6b8,0x00000000ff500000)
  to   space 103936K, 0% used [0x00000000f2a00000,0x00000000f2a00000,0x00000000f8f80000)
 ParOldGen       total 338432K, used 78992K [0x0000000080000000, 0x0000000094a80000, 0x00000000d5580000)
  object space 338432K, 23% used [0x0000000080000000,0x0000000084d24050,0x0000000094a80000)
 Metaspace       used 113440K, capacity 122582K, committed 122904K, reserved 1155072K
  class space    used 14777K, capacity 16331K, committed 16432K, reserved 1048576K
Event: 5200.958 GC heap after
Heap after GC invocations=37 (full 4):
 PSYoungGen      total 583680K, used 48710K [0x00000000d5580000, 0x00000000ffc80000, 0x0000000100000000)
  eden space 479744K, 0% used [0x00000000d5580000,0x00000000d5580000,0x00000000f2a00000)
  from space 103936K, 46% used [0x00000000f2a00000,0x00000000f5991bd0,0x00000000f8f80000)
  to   space 98816K, 0% used [0x00000000f9c00000,0x00000000f9c00000,0x00000000ffc80000)
 ParOldGen       total 338432K, used 79000K [0x0000000080000000, 0x0000000094a80000, 0x00000000d5580000)
  object space 338432K, 23% used [0x0000000080000000,0x0000000084d26050,0x0000000094a80000)
 Metaspace       used 113440K, capacity 122582K, committed 122904K, reserved 1155072K
  class space    used 14777K, capacity 16331K, committed 16432K, reserved 1048576K
}
Event: 6135.873 GC heap before
{Heap before GC invocations=38 (full 4):
 PSYoungGen      total 583680K, used 528454K [0x00000000d5580000, 0x00000000ffc80000, 0x0000000100000000)
  eden space 479744K, 100% used [0x00000000d5580000,0x00000000f2a00000,0x00000000f2a00000)
  from space 103936K, 46% used [0x00000000f2a00000,0x00000000f5991bd0,0x00000000f8f80000)
  to   space 98816K, 0% used [0x00000000f9c00000,0x00000000f9c00000,0x00000000ffc80000)
 ParOldGen       total 338432K, used 79000K [0x0000000080000000, 0x0000000094a80000, 0x00000000d5580000)
  object space 338432K, 23% used [0x0000000080000000,0x0000000084d26050,0x0000000094a80000)
 Metaspace       used 113580K, capacity 122764K, committed 122904K, reserved 1155072K
  class space    used 14783K, capacity 16340K, committed 16432K, reserved 1048576K
Event: 6135.911 GC heap after
Heap after GC invocations=38 (full 4):
 PSYoungGen      total 521728K, used 51841K [0x00000000d5580000, 0x00000000fd400000, 0x0000000100000000)
  eden space 464384K, 0% used [0x00000000d5580000,0x00000000d5580000,0x00000000f1b00000)
  from space 57344K, 90% used [0x00000000f9c00000,0x00000000fcea05e0,0x00000000fd400000)
  to   space 94720K, 0% used [0x00000000f1b00000,0x00000000f1b00000,0x00000000f7780000)
 ParOldGen       total 338432K, used 79008K [0x0000000080000000, 0x0000000094a80000, 0x00000000d5580000)
  object space 338432K, 23% used [0x0000000080000000,0x0000000084d28050,0x0000000094a80000)
 Metaspace       used 113580K, capacity 122764K, committed 122904K, reserved 1155072K
  class space    used 14783K, capacity 16340K, committed 16432K, reserved 1048576K
}

